============================= test session starts ==============================
platform darwin -- Python 3.11.14, pytest-9.0.3, pluggy-1.6.0
rootdir: /Users/mani/Projects/akshitha-portfolio/projects/colpali-doc-search
configfile: pyproject.toml
testpaths: tests
plugins: cov-7.1.0
collected 10 items

tests/test_encode.py ....                                                [ 40%]
tests/test_maxsim.py ..                                                  [ 60%]
tests/test_metrics.py ....                                               [100%]

============================== 10 passed in 0.13s ==============================
